\BOOKMARK [1][-]{Doc-Start}{}{}% 1
\BOOKMARK [1][-]{section.1}{\376\377\000N\000u\000m\000e\000r\000i\000\040\000C\000o\000m\000p\000l\000e\000s\000s\000i}{}% 2
\BOOKMARK [2][-]{subsection.1.1}{\376\377\000R\000a\000p\000p\000r\000e\000s\000e\000n\000t\000a\000z\000i\000o\000n\000i}{section.1}% 3
\BOOKMARK [3][-]{subsubsection.1.1.1}{\376\377\000C\000o\000o\000r\000d\000i\000n\000a\000t\000e\000\040\000R\000e\000t\000t\000a\000n\000g\000o\000l\000a\000r\000i}{subsection.1.1}% 4
\BOOKMARK [3][-]{subsubsection.1.1.2}{\376\377\000C\000o\000o\000r\000d\000i\000n\000a\000t\000e\000\040\000P\000o\000l\000a\000r\000i}{subsection.1.1}% 5
\BOOKMARK [2][-]{subsection.1.2}{\376\377\000C\000o\000n\000v\000e\000r\000s\000i\000o\000n\000i}{section.1}% 6
\BOOKMARK [3][-]{subsubsection.1.2.1}{\376\377\000P\000o\000l\000a\000r\000e\000\040\000a\000\040\000R\000e\000t\000t\000a\000n\000g\000o\000l\000a\000r\000e}{subsection.1.2}% 7
\BOOKMARK [3][-]{subsubsection.1.2.2}{\376\377\000R\000e\000t\000t\000a\000n\000g\000o\000l\000a\000r\000e\000\040\000a\000\040\000P\000o\000l\000a\000r\000e}{subsection.1.2}% 8
\BOOKMARK [2][-]{subsection.1.3}{\376\377\000C\000o\000m\000p\000l\000e\000s\000s\000o\000\040\000C\000o\000n\000i\000u\000g\000a\000t\000o}{section.1}% 9
\BOOKMARK [3][-]{subsubsection.1.3.1}{\376\377\000D\000e\000f\000i\000n\000i\000z\000i\000o\000n\000e}{subsection.1.3}% 10
\BOOKMARK [3][-]{subsubsection.1.3.2}{\376\377\000P\000r\000o\000p\000r\000i\000e\000t\000\340}{subsection.1.3}% 11
\BOOKMARK [2][-]{subsection.1.4}{\376\377\000O\000p\000e\000r\000a\000z\000i\000o\000n\000i\000\040\000n\000e\000l\000\040\000c\000a\000m\000p\000o\000\040\000d\000e\000i\000\040\000c\000o\000m\000p\000l\000e\000s\000s\000i}{section.1}% 12
\BOOKMARK [3][-]{subsubsection.1.4.1}{\376\377\000S\000o\000m\000m\000e\000\040\000t\000r\000a\000\040\000n\000u\000m\000e\000r\000i\000\040\000c\000o\000m\000p\000l\000e\000s\000s\000i}{subsection.1.4}% 13
\BOOKMARK [3][-]{subsubsection.1.4.2}{\376\377\000S\000c\000a\000l\000a\000t\000u\000r\000a}{subsection.1.4}% 14
\BOOKMARK [3][-]{subsubsection.1.4.3}{\376\377\000P\000r\000o\000d\000o\000t\000t\000o\000\040\000t\000r\000a\000\040\000c\000o\000m\000p\000l\000e\000s\000s\000i}{subsection.1.4}% 15
\BOOKMARK [3][-]{subsubsection.1.4.4}{\376\377\000I\000n\000v\000e\000r\000s\000o\000\040\000d\000i\000\040\000u\000n\000\040\000c\000o\000m\000p\000l\000e\000s\000s\000o}{subsection.1.4}% 16
\BOOKMARK [3][-]{subsubsection.1.4.5}{\376\377\000D\000i\000v\000i\000s\000i\000o\000n\000e\000\040\000t\000r\000a\000\040\000n\000u\000m\000e\000r\000i\000\040\000c\000o\000m\000p\000l\000e\000s\000s\000i}{subsection.1.4}% 17
\BOOKMARK [3][-]{subsubsection.1.4.6}{\376\377\000E\000l\000e\000v\000a\000m\000e\000n\000t\000o\000\040\000a\000\040\000p\000o\000t\000e\000n\000z\000a}{subsection.1.4}% 18
\BOOKMARK [3][-]{subsubsection.1.4.7}{\376\377\000E\000s\000t\000r\000a\000z\000i\000o\000n\000e\000\040\000d\000i\000\040\000u\000n\000a\000\040\000r\000a\000d\000i\000c\000e\000\040\000n\000-\000e\000s\000i\000m\000a}{subsection.1.4}% 19
\BOOKMARK [3][-]{subsubsection.1.4.8}{\376\377\000F\000u\000n\000z\000i\000o\000n\000e\000\040\000c\000o\000m\000p\000l\000e\000s\000s\000a\000\040\000d\000i\000\040\000v\000a\000r\000i\000a\000b\000i\000l\000e\000\040\000r\000e\000a\000l\000e}{subsection.1.4}% 20
\BOOKMARK [1][-]{section.2}{\376\377\000S\000e\000g\000n\000a\000l\000i}{}% 21
\BOOKMARK [2][-]{subsection.2.1}{\376\377\000C\000l\000a\000s\000s\000i\000f\000i\000c\000a\000z\000i\000o\000n\000e\000\040\000d\000e\000i\000\040\000s\000e\000g\000n\000a\000l\000i}{section.2}% 22
\BOOKMARK [3][-]{subsubsection.2.1.1}{\376\377\000R\000i\000s\000p\000e\000t\000t\000o\000\040\000a\000l\000l\000a\000\040\000d\000i\000m\000e\000n\000s\000i\000o\000n\000a\000l\000i\000t\000\340}{subsection.2.1}% 23
\BOOKMARK [3][-]{subsubsection.2.1.2}{\376\377\000R\000i\000s\000p\000e\000t\000t\000o\000\040\000a\000l\000l\000a\000\040\000C\000o\000n\000t\000i\000n\000u\000i\000t\000\340}{subsection.2.1}% 24
\BOOKMARK [2][-]{subsection.2.2}{\376\377\000T\000i\000p\000i\000\040\000d\000i\000\040\000s\000e\000g\000n\000a\000l\000i}{section.2}% 25
\BOOKMARK [1][-]{section.3}{\376\377\000S\000e\000g\000n\000a\000l\000i\000\040\000C\000o\000n\000t\000i\000n\000u\000i}{}% 26
\BOOKMARK [2][-]{subsection.3.1}{\376\377\000O\000p\000e\000r\000a\000z\000i\000o\000n\000i\000\040\000S\000u\000i\000\040\000S\000e\000g\000n\000a\000l\000i\000\040\000C\000o\000n\000t\000i\000n\000u\000i}{section.3}% 27
\BOOKMARK [3][-]{subsubsection.3.1.1}{\376\377\000T\000r\000a\000s\000l\000a\000z\000i\000o\000n\000e}{subsection.3.1}% 28
\BOOKMARK [3][-]{subsubsection.3.1.2}{\376\377\000S\000c\000a\000l\000a\000t\000u\000r\000a\000\040\000d\000e\000l\000l\000a\000\040\000v\000a\000r\000i\000a\000b\000i\000l\000e\000\040\000d\000i\000p\000e\000n\000d\000e\000n\000t\000e}{subsection.3.1}% 29
\BOOKMARK [2][-]{subsection.3.2}{\376\377\000S\000e\000g\000n\000a\000l\000i\000\040\000N\000o\000t\000e\000v\000o\000l\000i}{section.3}% 30
\BOOKMARK [3][-]{subsubsection.3.2.1}{\376\377\000F\000u\000n\000z\000i\000o\000n\000e\000\040\000R\000e\000t\000t\000a\000n\000g\000o\000l\000o}{subsection.3.2}% 31
\BOOKMARK [3][-]{subsubsection.3.2.2}{\376\377\000G\000r\000a\000d\000i\000n\000o\000\040\000U\000n\000i\000t\000a\000r\000i\000o}{subsection.3.2}% 32
\BOOKMARK [3][-]{subsubsection.3.2.3}{\376\377\000D\000e\000l\000t\000a\000\040\000d\000i\000\040\000D\000i\000r\000a\000c\000\040\000\050\000o\000\040\000I\000m\000p\000u\000l\000s\000o\000\040\000I\000d\000e\000a\000l\000e\000\051}{subsection.3.2}% 33
\BOOKMARK [3][-]{subsubsection.3.2.4}{\376\377\000P\000r\000o\000p\000r\000i\000e\000t\000\340\000\040\000d\000e\000l\000l\000a\000\040\000D\000e\000l\000t\000a}{subsection.3.2}% 34
\BOOKMARK [3][-]{subsubsection.3.2.5}{\376\377\000S\000e\000g\000n\000a\000l\000i\000\040\000P\000e\000r\000i\000o\000d\000i\000c\000i}{subsection.3.2}% 35
\BOOKMARK [3][-]{subsubsection.3.2.6}{\376\377\000F\000a\000s\000o\000r\000e}{subsection.3.2}% 36
\BOOKMARK [2][-]{subsection.3.3}{\376\377\000P\000r\000o\000p\000r\000i\000e\000t\000\340\000\040\000d\000e\000i\000\040\000S\000e\000g\000n\000a\000l\000i}{section.3}% 37
\BOOKMARK [3][-]{subsubsection.3.3.1}{\376\377\000D\000u\000r\000a\000t\000a}{subsection.3.3}% 38
\BOOKMARK [3][-]{subsubsection.3.3.2}{\376\377\000A\000r\000e\000a}{subsection.3.3}% 39
\BOOKMARK [3][-]{subsubsection.3.3.3}{\376\377\000V\000a\000l\000o\000r\000\040\000M\000e\000d\000i\000o\000\040\000\050\000o\000\040\000M\000e\000d\000i\000a\000\040\000T\000e\000m\000p\000o\000r\000a\000l\000e\000\051}{subsection.3.3}% 40
\BOOKMARK [3][-]{subsubsection.3.3.4}{\376\377\000E\000n\000e\000r\000g\000i\000a}{subsection.3.3}% 41
\BOOKMARK [3][-]{subsubsection.3.3.5}{\376\377\000P\000o\000t\000e\000n\000z\000a\000\040\000I\000s\000t\000a\000n\000t\000a\000n\000e\000a}{subsection.3.3}% 42
\BOOKMARK [3][-]{subsubsection.3.3.6}{\376\377\000P\000o\000t\000e\000n\000z\000a\000\040\000M\000e\000d\000i\000a}{subsection.3.3}% 43
\BOOKMARK [3][-]{subsubsection.3.3.7}{\376\377\000S\000e\000g\000n\000a\000l\000e\000\040\000E\000n\000e\000r\000g\000i\000a\000\040\000e\000\040\000P\000o\000t\000e\000n\000z\000a}{subsection.3.3}% 44
\BOOKMARK [1][-]{section.4}{\376\377\000S\000e\000g\000n\000a\000l\000i\000\040\000D\000i\000s\000c\000r\000e\000t\000i}{}% 45
\BOOKMARK [2][-]{subsection.4.1}{\376\377\000O\000p\000e\000r\000a\000z\000i\000o\000n\000e\000\040\000s\000u\000i\000\040\000S\000e\000g\000n\000a\000l\000i\000\040\000D\000i\000s\000c\000r\000e\000t\000i}{section.4}% 46
\BOOKMARK [3][-]{subsubsection.4.1.1}{\376\377\000T\000r\000a\000s\000l\000a\000z\000i\000o\000n\000e}{subsection.4.1}% 47
\BOOKMARK [3][-]{subsubsection.4.1.2}{\376\377\000D\000e\000c\000i\000m\000a\000z\000i\000o\000n\000e\000/\000U\000p\000S\000a\000m\000p\000l\000i\000n\000g}{subsection.4.1}% 48
\BOOKMARK [3][-]{subsubsection.4.1.3}{\376\377\000I\000n\000t\000e\000r\000p\000o\000l\000a\000z\000i\000o\000n\000e\000/\000D\000o\000w\000n\000S\000a\000m\000p\000l\000i\000n\000g}{subsection.4.1}% 49
\BOOKMARK [2][-]{subsection.4.2}{\376\377\000S\000e\000g\000n\000a\000l\000i\000\040\000N\000o\000t\000e\000v\000o\000l\000i}{section.4}% 50
\BOOKMARK [3][-]{subsubsection.4.2.1}{\376\377\000R\000e\000t\000t\000a\000n\000g\000o\000l\000o\000\040\000D\000i\000s\000c\000r\000e\000t\000o}{subsection.4.2}% 51
\BOOKMARK [3][-]{subsubsection.4.2.2}{\376\377\000G\000r\000a\000d\000i\000n\000o\000\040\000U\000n\000i\000t\000a\000r\000i\000o}{subsection.4.2}% 52
\BOOKMARK [3][-]{subsubsection.4.2.3}{\376\377\000I\000m\000p\000u\000l\000s\000o\000\040\000D\000i\000s\000c\000r\000e\000t\000o}{subsection.4.2}% 53
\BOOKMARK [3][-]{subsubsection.4.2.4}{\376\377\000P\000r\000o\000p\000r\000i\000e\000t\000\340\000\040\000d\000e\000l\000l\000'\000I\000m\000p\000u\000l\000s\000o\000\040\000D\000i\000s\000c\000r\000e\000t\000o}{subsection.4.2}% 54
\BOOKMARK [3][-]{subsubsection.4.2.5}{\376\377\000S\000e\000g\000n\000a\000l\000i\000\040\000P\000e\000r\000i\000o\000d\000i\000c\000i\000\040\000D\000i\000s\000c\000r\000e\000t\000i}{subsection.4.2}% 55
\BOOKMARK [3][-]{subsubsection.4.2.6}{\376\377\000F\000a\000s\000o\000r\000e\000\040\000D\000i\000s\000c\000r\000e\000t\000o}{subsection.4.2}% 56
\BOOKMARK [2][-]{subsection.4.3}{\376\377\000P\000r\000o\000p\000r\000i\000e\000t\000\340\000\040\000d\000e\000i\000\040\000S\000e\000g\000n\000a\000l\000i\000\040\000D\000i\000s\000c\000r\000e\000t\000i}{section.4}% 57
\BOOKMARK [3][-]{subsubsection.4.3.1}{\376\377\000D\000u\000r\000a\000t\000a}{subsection.4.3}% 58
\BOOKMARK [3][-]{subsubsection.4.3.2}{\376\377\000A\000r\000e\000a}{subsection.4.3}% 59
\BOOKMARK [3][-]{subsubsection.4.3.3}{\376\377\000V\000a\000l\000o\000r\000\040\000M\000e\000d\000i\000o}{subsection.4.3}% 60
\BOOKMARK [3][-]{subsubsection.4.3.4}{\376\377\000P\000o\000t\000e\000n\000z\000a\000\040\000I\000s\000t\000a\000n\000t\000a\000n\000e\000a}{subsection.4.3}% 61
\BOOKMARK [3][-]{subsubsection.4.3.5}{\376\377\000E\000n\000e\000r\000g\000i\000a}{subsection.4.3}% 62
\BOOKMARK [3][-]{subsubsection.4.3.6}{\376\377\000P\000o\000t\000e\000n\000z\000a\000\040\000M\000e\000d\000i\000a}{subsection.4.3}% 63
\BOOKMARK [3][-]{subsubsection.4.3.7}{\376\377\000S\000e\000g\000n\000a\000l\000i\000\040\000P\000o\000t\000e\000n\000z\000a\000\040\000e\000d\000\040\000E\000n\000e\000r\000g\000i\000a}{subsection.4.3}% 64
\BOOKMARK [1][-]{section.5}{\376\377\000S\000i\000s\000t\000e\000m\000i}{}% 65
\BOOKMARK [2][-]{subsection.5.1}{\376\377\000S\000i\000s\000t\000e\000m\000i\000\040\000C\000o\000n\000t\000i\000n\000u\000i}{section.5}% 66
\BOOKMARK [2][-]{subsection.5.2}{\376\377\000P\000r\000o\000p\000r\000i\000e\000t\000\340\000\040\000d\000e\000i\000\040\000S\000i\000s\000t\000e\000m\000i\000\040\000T\000e\000m\000p\000o\000-\000C\000o\000n\000t\000i\000n\000u\000i}{section.5}% 67
\BOOKMARK [3][-]{subsubsection.5.2.1}{\376\377\000N\000o\000n\000\040\000D\000i\000s\000p\000e\000r\000s\000i\000v\000i\000t\000\340}{subsection.5.2}% 68
\BOOKMARK [3][-]{subsubsection.5.2.2}{\376\377\000C\000a\000u\000s\000a\000l\000i\000t\000\340}{subsection.5.2}% 69
\BOOKMARK [3][-]{subsubsection.5.2.3}{\376\377\000S\000t\000a\000b\000i\000l\000i\000t\000\340\000\040\000B\000I\000B\000O\000\040\000\050\000B\000o\000u\000n\000d\000e\000d\000\040\000I\000n\000p\000u\000t\000,\000\040\000B\000o\000u\000n\000d\000e\000d\000\040\000O\000u\000t\000p\000u\000t\000\051}{subsection.5.2}% 70
\BOOKMARK [3][-]{subsubsection.5.2.4}{\376\377\000O\000m\000o\000g\000e\000n\000e\000i\000t\000\340}{subsection.5.2}% 71
\BOOKMARK [3][-]{subsubsection.5.2.5}{\376\377\000A\000d\000d\000i\000t\000i\000v\000i\000t\000\340}{subsection.5.2}% 72
\BOOKMARK [3][-]{subsubsection.5.2.6}{\376\377\000L\000i\000n\000e\000a\000r\000i\000t\000\340}{subsection.5.2}% 73
\BOOKMARK [3][-]{subsubsection.5.2.7}{\376\377\000T\000e\000m\000p\000o\000-\000I\000n\000v\000a\000r\000i\000a\000n\000z\000a}{subsection.5.2}% 74
\BOOKMARK [1][-]{section.6}{\376\377\000S\000i\000s\000t\000e\000m\000i\000\040\000L\000i\000n\000e\000a\000r\000i\000\040\000e\000\040\000T\000e\000m\000p\000o\000\040\000I\000n\000v\000a\000r\000i\000a\000n\000t\000i\000\040\000\050\000L\000T\000I\000\051\000\040\000C\000o\000n\000t\000i\000n\000u\000i}{}% 75
\BOOKMARK [2][-]{subsection.6.1}{\376\377\000P\000r\000o\000d\000o\000t\000t\000o\000/\000I\000n\000t\000e\000g\000r\000a\000l\000e\000\040\000d\000i\000\040\000C\000o\000n\000v\000o\000l\000u\000z\000i\000o\000n\000e}{section.6}% 76
\BOOKMARK [3][-]{subsubsection.6.1.1}{\376\377\000P\000r\000o\000p\000r\000i\000e\000t\000\340}{subsection.6.1}% 77
\BOOKMARK [2][-]{subsection.6.2}{\376\377\000P\000r\000o\000p\000r\000i\000e\000t\000\340\000\040\000d\000e\000i\000\040\000S\000i\000s\000t\000e\000m\000i\000\040\000L\000T\000I\000\040\000C\000o\000n\000t\000i\000n\000u\000i}{section.6}% 78
\BOOKMARK [3][-]{subsubsection.6.2.1}{\376\377\000C\000a\000u\000s\000a\000l\000i\000t\000\340}{subsection.6.2}% 79
\BOOKMARK [3][-]{subsubsection.6.2.2}{\376\377\000S\000t\000a\000b\000i\000l\000i\000t\000\340\000\040\000B\000I\000B\000O}{subsection.6.2}% 80
\BOOKMARK [3][-]{subsubsection.6.2.3}{\376\377\000R\000i\000s\000p\000o\000s\000t\000a\000\040\000i\000n\000\040\000f\000r\000e\000q\000u\000e\000n\000z\000a}{subsection.6.2}% 81
\BOOKMARK [2][-]{subsection.6.3}{\376\377\000P\000r\000o\000p\000r\000i\000e\000t\000\340\000\040\000S\000i\000s\000t\000e\000m\000i\000\040\000D\000i\000s\000c\000r\000e\000t\000i}{section.6}% 82
\BOOKMARK [1][-]{section.7}{\376\377\000S\000i\000s\000t\000e\000m\000i\000\040\000L\000i\000n\000e\000a\000r\000i\000\040\000e\000\040\000T\000e\000m\000p\000o\000-\000I\000n\000v\000a\000r\000i\000a\000n\000t\000i\000\040\000\050\000L\000T\000I\000\051\000\040\000D\000i\000s\000c\000r\000e\000t\000i}{}% 83
\BOOKMARK [2][-]{subsection.7.1}{\376\377\000C\000a\000u\000s\000a\000l\000i\000t\000\340}{section.7}% 84
\BOOKMARK [2][-]{subsection.7.2}{\376\377\000S\000t\000a\000b\000i\000l\000i\000t\000\340\000\040\000B\000I\000B\000O}{section.7}% 85
\BOOKMARK [2][-]{subsection.7.3}{\376\377\000C\000o\000n\000v\000o\000l\000u\000z\000i\000o\000n\000e\000\040\000D\000i\000s\000c\000r\000e\000t\000a}{section.7}% 86
\BOOKMARK [3][-]{subsubsection.7.3.1}{\376\377\000P\000r\000o\000p\000r\000i\000e\000t\000\340}{subsection.7.3}% 87
\BOOKMARK [1][-]{section.8}{\376\377\000A\000n\000a\000l\000i\000s\000i\000\040\000A\000r\000m\000o\000n\000i\000c\000a}{}% 88
\BOOKMARK [2][-]{subsection.8.1}{\376\377\000S\000v\000i\000l\000u\000p\000p\000o\000\040\000I\000n\000\040\000S\000e\000r\000i\000e\000\040\000D\000i\000\040\000F\000o\000u\000r\000i\000e\000r}{section.8}% 89
\BOOKMARK [3][-]{subsubsection.8.1.1}{\376\377\000F\000o\000r\000m\000a\000\040\000E\000s\000p\000o\000n\000e\000n\000z\000i\000a\000l\000e}{subsection.8.1}% 90
\BOOKMARK [3][-]{subsubsection.8.1.2}{\376\377\000F\000o\000r\000m\000a\000\040\000T\000r\000i\000g\000o\000n\000o\000m\000e\000t\000r\000i\000c\000a}{subsection.8.1}% 91
\BOOKMARK [2][-]{subsection.8.2}{\376\377\000T\000r\000a\000s\000f\000o\000r\000m\000a\000t\000a\000\040\000d\000i\000\040\000F\000o\000u\000r\000i\000e\000r}{section.8}% 92
