This is XeTeX, Version 3.141592653-2.6-0.999995 (MiKTeX 23.10) (preloaded format=xelatex 2024.10.24)  28 DEC 2024 16:01
entering extended mode
 \write18 enabled.
 %&-line parsing enabled.
**./main.tex
(main.tex
LaTeX2e <2023-06-01> patch level 1
L3 programming layer <2023-08-29>
(C:\Users\Gabry\AppData\Local\Programs\MiKTeX\tex/latex/base\article.cls
Document Class: article 2023/05/17 v1.4n Standard LaTeX document class
(C:\Users\Gabry\AppData\Local\Programs\MiKTeX\tex/latex/base\size10.clo
File: size10.clo 2023/05/17 v1.4n Standard LaTeX file (size option)
)
\c@part=\count181
\c@section=\count182
\c@subsection=\count183
\c@subsubsection=\count184
\c@paragraph=\count185
\c@subparagraph=\count186
\c@figure=\count187
\c@table=\count188
\abovecaptionskip=\skip48
\belowcaptionskip=\skip49
\bibindent=\dimen140
)
(C:\Users\Gabry\AppData\Local\Programs\MiKTeX\tex/latex/amsmath\amsmath.sty
Package: amsmath 2023/05/13 v2.17o AMS math features
\@mathmargin=\skip50

For additional information on amsmath, use the `?' option.
(C:\Users\Gabry\AppData\Local\Programs\MiKTeX\tex/latex/amsmath\amstext.sty
Package: amstext 2021/08/26 v2.01 AMS text

(C:\Users\Gabry\AppData\Local\Programs\MiKTeX\tex/latex/amsmath\amsgen.sty
File: amsgen.sty 1999/11/30 v2.0 generic functions
\@emptytoks=\toks17
\ex@=\dimen141
))
(C:\Users\Gabry\AppData\Local\Programs\MiKTeX\tex/latex/amsmath\amsbsy.sty
Package: amsbsy 1999/11/29 v1.2d Bold Symbols
\pmbraise@=\dimen142
)
(C:\Users\Gabry\AppData\Local\Programs\MiKTeX\tex/latex/amsmath\amsopn.sty
Package: amsopn 2022/04/08 v2.04 operator names
)
\inf@bad=\count189
LaTeX Info: Redefining \frac on input line 234.
\uproot@=\count190
\leftroot@=\count191
LaTeX Info: Redefining \overline on input line 399.
LaTeX Info: Redefining \colon on input line 410.
\classnum@=\count192
\DOTSCASE@=\count193
LaTeX Info: Redefining \ldots on input line 496.
LaTeX Info: Redefining \dots on input line 499.
LaTeX Info: Redefining \cdots on input line 620.
\Mathstrutbox@=\box51
\strutbox@=\box52
LaTeX Info: Redefining \big on input line 722.
LaTeX Info: Redefining \Big on input line 723.
LaTeX Info: Redefining \bigg on input line 724.
LaTeX Info: Redefining \Bigg on input line 725.
\big@size=\dimen143
LaTeX Font Info:    Redeclaring font encoding OML on input line 743.
LaTeX Font Info:    Redeclaring font encoding OMS on input line 744.
\macc@depth=\count194
LaTeX Info: Redefining \bmod on input line 905.
LaTeX Info: Redefining \pmod on input line 910.
LaTeX Info: Redefining \smash on input line 940.
LaTeX Info: Redefining \relbar on input line 970.
LaTeX Info: Redefining \Relbar on input line 971.
\c@MaxMatrixCols=\count195
\dotsspace@=\muskip16
\c@parentequation=\count196
\dspbrk@lvl=\count197
\tag@help=\toks18
\row@=\count198
\column@=\count199
\maxfields@=\count266
\andhelp@=\toks19
\eqnshift@=\dimen144
\alignsep@=\dimen145
\tagshift@=\dimen146
\tagwidth@=\dimen147
\totwidth@=\dimen148
\lineht@=\dimen149
\@envbody=\toks20
\multlinegap=\skip51
\multlinetaggap=\skip52
\mathdisplay@stack=\toks21
LaTeX Info: Redefining \[ on input line 2953.
LaTeX Info: Redefining \] on input line 2954.
)
(C:\Users\Gabry\AppData\Local\Programs\MiKTeX\tex/latex/hyperref\hyperref.sty
Package: hyperref 2023-07-08 v7.01b Hypertext links for LaTeX

(C:\Users\Gabry\AppData\Local\Programs\MiKTeX\tex/generic/ltxcmds\ltxcmds.sty
Package: ltxcmds 2023-12-04 v1.26 LaTeX kernel commands for general use (HO)
)
(C:\Users\Gabry\AppData\Local\Programs\MiKTeX\tex/generic/iftex\iftex.sty
Package: iftex 2022/02/03 v1.0f TeX engine tests
)
(C:\Users\Gabry\AppData\Local\Programs\MiKTeX\tex/generic/pdftexcmds\pdftexcmds
.sty
Package: pdftexcmds 2020-06-27 v0.33 Utility functions of pdfTeX for LuaTeX (HO
)

(C:\Users\Gabry\AppData\Local\Programs\MiKTeX\tex/generic/infwarerr\infwarerr.s
ty
Package: infwarerr 2019/12/03 v1.5 Providing info/warning/error messages (HO)
)
Package pdftexcmds Info: \pdf@primitive is available.
Package pdftexcmds Info: \pdf@ifprimitive is available.
Package pdftexcmds Info: \pdfdraftmode not found.
)
(C:\Users\Gabry\AppData\Local\Programs\MiKTeX\tex/latex/graphics\keyval.sty
Package: keyval 2022/05/29 v1.15 key=value parser (DPC)
\KV@toks@=\toks22
)
(C:\Users\Gabry\AppData\Local\Programs\MiKTeX\tex/latex/kvsetkeys\kvsetkeys.sty
Package: kvsetkeys 2022-10-05 v1.19 Key value parser (HO)
)
(C:\Users\Gabry\AppData\Local\Programs\MiKTeX\tex/generic/kvdefinekeys\kvdefine
keys.sty
Package: kvdefinekeys 2019-12-19 v1.6 Define keys (HO)
)
(C:\Users\Gabry\AppData\Local\Programs\MiKTeX\tex/generic/pdfescape\pdfescape.s
ty
Package: pdfescape 2019/12/09 v1.15 Implements pdfTeX's escape features (HO)
) (C:\Users\Gabry\AppData\Local\Programs\MiKTeX\tex/latex/hycolor\hycolor.sty
Package: hycolor 2020-01-27 v1.10 Color options for hyperref/bookmark (HO)
)
(C:\Users\Gabry\AppData\Local\Programs\MiKTeX\tex/latex/letltxmacro\letltxmacro
.sty
Package: letltxmacro 2019/12/03 v1.6 Let assignment for LaTeX macros (HO)
)
(C:\Users\Gabry\AppData\Local\Programs\MiKTeX\tex/latex/auxhook\auxhook.sty
Package: auxhook 2019-12-17 v1.6 Hooks for auxiliary files (HO)
)
(C:\Users\Gabry\AppData\Local\Programs\MiKTeX\tex/latex/hyperref\nameref.sty
Package: nameref 2023-08-07 v2.53 Cross-referencing by name of section

(C:\Users\Gabry\AppData\Local\Programs\MiKTeX\tex/latex/refcount\refcount.sty
Package: refcount 2019/12/15 v3.6 Data extraction from label references (HO)
)
(C:\Users\Gabry\AppData\Local\Programs\MiKTeX\tex/generic/gettitlestring\gettit
lestring.sty
Package: gettitlestring 2019/12/15 v1.6 Cleanup title references (HO)

(C:\Users\Gabry\AppData\Local\Programs\MiKTeX\tex/latex/kvoptions\kvoptions.sty
Package: kvoptions 2022-06-15 v3.15 Key value format for package options (HO)
))
\c@section@level=\count267
)
(C:\Users\Gabry\AppData\Local\Programs\MiKTeX\tex/latex/etoolbox\etoolbox.sty
Package: etoolbox 2020/10/05 v2.5k e-TeX tools for LaTeX (JAW)
\etb@tempcnta=\count268
)
\@linkdim=\dimen150
\Hy@linkcounter=\count269
\Hy@pagecounter=\count270

(C:\Users\Gabry\AppData\Local\Programs\MiKTeX\tex/latex/hyperref\pd1enc.def
File: pd1enc.def 2023-07-08 v7.01b Hyperref: PDFDocEncoding definition (HO)
)
(C:\Users\Gabry\AppData\Local\Programs\MiKTeX\tex/generic/intcalc\intcalc.sty
Package: intcalc 2019/12/15 v1.3 Expandable calculations with integers (HO)
)
\Hy@SavedSpaceFactor=\count271

(C:\Users\Gabry\AppData\Local\Programs\MiKTeX\tex/latex/hyperref\puenc.def
File: puenc.def 2023-07-08 v7.01b Hyperref: PDF Unicode definition (HO)
)
Package hyperref Info: Hyper figures OFF on input line 4167.
Package hyperref Info: Link nesting OFF on input line 4172.
Package hyperref Info: Hyper index ON on input line 4175.
Package hyperref Info: Plain pages OFF on input line 4182.
Package hyperref Info: Backreferencing OFF on input line 4187.
Package hyperref Info: Implicit mode ON; LaTeX internals redefined.
Package hyperref Info: Bookmarks ON on input line 4434.
\c@Hy@tempcnt=\count272

(C:\Users\Gabry\AppData\Local\Programs\MiKTeX\tex/latex/url\url.sty
\Urlmuskip=\muskip17
Package: url 2013/09/16  ver 3.4  Verb mode for urls, etc.
)
LaTeX Info: Redefining \url on input line 4772.
\XeTeXLinkMargin=\dimen151

(C:\Users\Gabry\AppData\Local\Programs\MiKTeX\tex/generic/bitset\bitset.sty
Package: bitset 2019/12/09 v1.3 Handle bit-vector datatype (HO)

(C:\Users\Gabry\AppData\Local\Programs\MiKTeX\tex/generic/bigintcalc\bigintcalc
.sty
Package: bigintcalc 2019/12/15 v1.5 Expandable calculations on big integers (HO
)
))
\Fld@menulength=\count273
\Field@Width=\dimen152
\Fld@charsize=\dimen153
Package hyperref Info: Hyper figures OFF on input line 6051.
Package hyperref Info: Link nesting OFF on input line 6056.
Package hyperref Info: Hyper index ON on input line 6059.
Package hyperref Info: backreferencing OFF on input line 6066.
Package hyperref Info: Link coloring OFF on input line 6071.
Package hyperref Info: Link coloring with OCG OFF on input line 6076.
Package hyperref Info: PDF/A mode OFF on input line 6081.

(C:\Users\Gabry\AppData\Local\Programs\MiKTeX\tex/latex/base\atbegshi-ltx.sty
Package: atbegshi-ltx 2021/01/10 v1.0c Emulation of the original atbegshi
package with kernel methods
)
\Hy@abspage=\count274
\c@Item=\count275
\c@Hfootnote=\count276
)
Package hyperref Info: Driver (autodetected): hxetex.
(C:\Users\Gabry\AppData\Local\Programs\MiKTeX\tex/latex/hyperref\hxetex.def
File: hxetex.def 2023-07-08 v7.01b Hyperref driver for XeTeX

(C:\Users\Gabry\AppData\Local\Programs\MiKTeX\tex/generic/stringenc\stringenc.s
ty
Package: stringenc 2019/11/29 v1.12 Convert strings between diff. encodings (HO
)
)
\pdfm@box=\box53
\c@Hy@AnnotLevel=\count277
\HyField@AnnotCount=\count278
\Fld@listcount=\count279
\c@bookmark@seq@number=\count280

(C:\Users\Gabry\AppData\Local\Programs\MiKTeX\tex/latex/rerunfilecheck\rerunfil
echeck.sty
Package: rerunfilecheck 2022-07-10 v1.10 Rerun checks for auxiliary files (HO)

(C:\Users\Gabry\AppData\Local\Programs\MiKTeX\tex/latex/base\atveryend-ltx.sty
Package: atveryend-ltx 2020/08/19 v1.0a Emulation of the original atveryend pac
kage
with kernel methods
)
(C:\Users\Gabry\AppData\Local\Programs\MiKTeX\tex/generic/uniquecounter\uniquec
ounter.sty
Package: uniquecounter 2019/12/15 v1.4 Provide unlimited unique counter (HO)
)
Package uniquecounter Info: New unique counter `rerunfilecheck' on input line 2
85.
)
\Hy@SectionHShift=\skip53
)
(C:\Users\Gabry\AppData\Local\Programs\MiKTeX\tex/latex/amsfonts\amssymb.sty
Package: amssymb 2013/01/14 v3.01 AMS font symbols

(C:\Users\Gabry\AppData\Local\Programs\MiKTeX\tex/latex/amsfonts\amsfonts.sty
Package: amsfonts 2013/01/14 v3.01 Basic AMSFonts support
\symAMSa=\mathgroup4
\symAMSb=\mathgroup5
LaTeX Font Info:    Redeclaring math symbol \hbar on input line 98.
LaTeX Font Info:    Overwriting math alphabet `\mathfrak' in version `bold'
(Font)                  U/euf/m/n --> U/euf/b/n on input line 106.
))
(C:\Users\Gabry\AppData\Local\Programs\MiKTeX\tex/latex/pgf/frontendlayer\tikz.
sty
(C:\Users\Gabry\AppData\Local\Programs\MiKTeX\tex/latex/pgf/basiclayer\pgf.sty
(C:\Users\Gabry\AppData\Local\Programs\MiKTeX\tex/latex/pgf/utilities\pgfrcs.st
y
(C:\Users\Gabry\AppData\Local\Programs\MiKTeX\tex/generic/pgf/utilities\pgfutil
-common.tex
\pgfutil@everybye=\toks23
\pgfutil@tempdima=\dimen154
\pgfutil@tempdimb=\dimen155
)
(C:\Users\Gabry\AppData\Local\Programs\MiKTeX\tex/generic/pgf/utilities\pgfutil
-latex.def
\pgfutil@abb=\box54
)
(C:\Users\Gabry\AppData\Local\Programs\MiKTeX\tex/generic/pgf/utilities\pgfrcs.
code.tex
(C:\Users\Gabry\AppData\Local\Programs\MiKTeX\tex/generic/pgf\pgf.revision.tex)
Package: pgfrcs 2023-01-15 v3.1.10 (3.1.10)
))
Package: pgf 2023-01-15 v3.1.10 (3.1.10)

(C:\Users\Gabry\AppData\Local\Programs\MiKTeX\tex/latex/pgf/basiclayer\pgfcore.
sty
(C:\Users\Gabry\AppData\Local\Programs\MiKTeX\tex/latex/graphics\graphicx.sty
Package: graphicx 2021/09/16 v1.2d Enhanced LaTeX Graphics (DPC,SPQR)

(C:\Users\Gabry\AppData\Local\Programs\MiKTeX\tex/latex/graphics\graphics.sty
Package: graphics 2022/03/10 v1.4e Standard LaTeX Graphics (DPC,SPQR)

(C:\Users\Gabry\AppData\Local\Programs\MiKTeX\tex/latex/graphics\trig.sty
Package: trig 2021/08/11 v1.11 sin cos tan (DPC)
)
(C:\Users\Gabry\AppData\Local\Programs\MiKTeX\tex/latex/graphics-cfg\graphics.c
fg
File: graphics.cfg 2016/06/04 v1.11 sample graphics configuration
)
Package graphics Info: Driver file: xetex.def on input line 107.

(C:\Users\Gabry\AppData\Local\Programs\MiKTeX\tex/latex/graphics-def\xetex.def
File: xetex.def 2022/09/22 v5.0n Graphics/color driver for xetex
))
\Gin@req@height=\dimen156
\Gin@req@width=\dimen157
)
(C:\Users\Gabry\AppData\Local\Programs\MiKTeX\tex/latex/pgf/systemlayer\pgfsys.
sty
(C:\Users\Gabry\AppData\Local\Programs\MiKTeX\tex/generic/pgf/systemlayer\pgfsy
s.code.tex
Package: pgfsys 2023-01-15 v3.1.10 (3.1.10)

(C:\Users\Gabry\AppData\Local\Programs\MiKTeX\tex/generic/pgf/utilities\pgfkeys
.code.tex
\pgfkeys@pathtoks=\toks24
\pgfkeys@temptoks=\toks25

(C:\Users\Gabry\AppData\Local\Programs\MiKTeX\tex/generic/pgf/utilities\pgfkeys
libraryfiltered.code.tex
\pgfkeys@tmptoks=\toks26
))
\pgf@x=\dimen158
\pgf@y=\dimen159
\pgf@xa=\dimen160
\pgf@ya=\dimen161
\pgf@xb=\dimen162
\pgf@yb=\dimen163
\pgf@xc=\dimen164
\pgf@yc=\dimen165
\pgf@xd=\dimen166
\pgf@yd=\dimen167
\w@pgf@writea=\write3
\r@pgf@reada=\read2
\c@pgf@counta=\count281
\c@pgf@countb=\count282
\c@pgf@countc=\count283
\c@pgf@countd=\count284
\t@pgf@toka=\toks27
\t@pgf@tokb=\toks28
\t@pgf@tokc=\toks29
\pgf@sys@id@count=\count285

(C:\Users\Gabry\AppData\Local\Programs\MiKTeX\tex/generic/pgf/systemlayer\pgf.c
fg
File: pgf.cfg 2023-01-15 v3.1.10 (3.1.10)
)
Driver file for pgf: pgfsys-xetex.def

(C:\Users\Gabry\AppData\Local\Programs\MiKTeX\tex/generic/pgf/systemlayer\pgfsy
s-xetex.def
File: pgfsys-xetex.def 2023-01-15 v3.1.10 (3.1.10)

(C:\Users\Gabry\AppData\Local\Programs\MiKTeX\tex/generic/pgf/systemlayer\pgfsy
s-dvipdfmx.def
File: pgfsys-dvipdfmx.def 2023-01-15 v3.1.10 (3.1.10)

(C:\Users\Gabry\AppData\Local\Programs\MiKTeX\tex/generic/pgf/systemlayer\pgfsy
s-common-pdf.def
File: pgfsys-common-pdf.def 2023-01-15 v3.1.10 (3.1.10)
)
\pgfsys@objnum=\count286
)))
(C:\Users\Gabry\AppData\Local\Programs\MiKTeX\tex/generic/pgf/systemlayer\pgfsy
ssoftpath.code.tex
File: pgfsyssoftpath.code.tex 2023-01-15 v3.1.10 (3.1.10)
\pgfsyssoftpath@smallbuffer@items=\count287
\pgfsyssoftpath@bigbuffer@items=\count288
)
(C:\Users\Gabry\AppData\Local\Programs\MiKTeX\tex/generic/pgf/systemlayer\pgfsy
sprotocol.code.tex
File: pgfsysprotocol.code.tex 2023-01-15 v3.1.10 (3.1.10)
))
(C:\Users\Gabry\AppData\Local\Programs\MiKTeX\tex/latex/xcolor\xcolor.sty
Package: xcolor 2022/06/12 v2.14 LaTeX color extensions (UK)

(C:\Users\Gabry\AppData\Local\Programs\MiKTeX\tex/latex/graphics-cfg\color.cfg
File: color.cfg 2016/01/02 v1.6 sample color configuration
)
Package xcolor Info: Driver file: xetex.def on input line 227.
(C:\Users\Gabry\AppData\Local\Programs\MiKTeX\tex/latex/graphics\mathcolor.ltx)
Package xcolor Info: Model `cmy' substituted by `cmy0' on input line 1353.
Package xcolor Info: Model `RGB' extended on input line 1369.
Package xcolor Info: Model `HTML' substituted by `rgb' on input line 1371.
Package xcolor Info: Model `Hsb' substituted by `hsb' on input line 1372.
Package xcolor Info: Model `tHsb' substituted by `hsb' on input line 1373.
Package xcolor Info: Model `HSB' substituted by `hsb' on input line 1374.
Package xcolor Info: Model `Gray' substituted by `gray' on input line 1375.
Package xcolor Info: Model `wave' substituted by `hsb' on input line 1376.
)
(C:\Users\Gabry\AppData\Local\Programs\MiKTeX\tex/generic/pgf/basiclayer\pgfcor
e.code.tex
Package: pgfcore 2023-01-15 v3.1.10 (3.1.10)

(C:\Users\Gabry\AppData\Local\Programs\MiKTeX\tex/generic/pgf/math\pgfmath.code
.tex
(C:\Users\Gabry\AppData\Local\Programs\MiKTeX\tex/generic/pgf/math\pgfmathutil.
code.tex)
(C:\Users\Gabry\AppData\Local\Programs\MiKTeX\tex/generic/pgf/math\pgfmathparse
r.code.tex
\pgfmath@dimen=\dimen168
\pgfmath@count=\count289
\pgfmath@box=\box55
\pgfmath@toks=\toks30
\pgfmath@stack@operand=\toks31
\pgfmath@stack@operation=\toks32
)
(C:\Users\Gabry\AppData\Local\Programs\MiKTeX\tex/generic/pgf/math\pgfmathfunct
ions.code.tex)
(C:\Users\Gabry\AppData\Local\Programs\MiKTeX\tex/generic/pgf/math\pgfmathfunct
ions.basic.code.tex)
(C:\Users\Gabry\AppData\Local\Programs\MiKTeX\tex/generic/pgf/math\pgfmathfunct
ions.trigonometric.code.tex)
(C:\Users\Gabry\AppData\Local\Programs\MiKTeX\tex/generic/pgf/math\pgfmathfunct
ions.random.code.tex)
(C:\Users\Gabry\AppData\Local\Programs\MiKTeX\tex/generic/pgf/math\pgfmathfunct
ions.comparison.code.tex)
(C:\Users\Gabry\AppData\Local\Programs\MiKTeX\tex/generic/pgf/math\pgfmathfunct
ions.base.code.tex)
(C:\Users\Gabry\AppData\Local\Programs\MiKTeX\tex/generic/pgf/math\pgfmathfunct
ions.round.code.tex)
(C:\Users\Gabry\AppData\Local\Programs\MiKTeX\tex/generic/pgf/math\pgfmathfunct
ions.misc.code.tex)
(C:\Users\Gabry\AppData\Local\Programs\MiKTeX\tex/generic/pgf/math\pgfmathfunct
ions.integerarithmetics.code.tex)
(C:\Users\Gabry\AppData\Local\Programs\MiKTeX\tex/generic/pgf/math\pgfmathcalc.
code.tex)
(C:\Users\Gabry\AppData\Local\Programs\MiKTeX\tex/generic/pgf/math\pgfmathfloat
.code.tex
\c@pgfmathroundto@lastzeros=\count290
))
(C:\Users\Gabry\AppData\Local\Programs\MiKTeX\tex/generic/pgf/math\pgfint.code.
tex)
(C:\Users\Gabry\AppData\Local\Programs\MiKTeX\tex/generic/pgf/basiclayer\pgfcor
epoints.code.tex
File: pgfcorepoints.code.tex 2023-01-15 v3.1.10 (3.1.10)
\pgf@picminx=\dimen169
\pgf@picmaxx=\dimen170
\pgf@picminy=\dimen171
\pgf@picmaxy=\dimen172
\pgf@pathminx=\dimen173
\pgf@pathmaxx=\dimen174
\pgf@pathminy=\dimen175
\pgf@pathmaxy=\dimen176
\pgf@xx=\dimen177
\pgf@xy=\dimen178
\pgf@yx=\dimen179
\pgf@yy=\dimen180
\pgf@zx=\dimen181
\pgf@zy=\dimen182
)
(C:\Users\Gabry\AppData\Local\Programs\MiKTeX\tex/generic/pgf/basiclayer\pgfcor
epathconstruct.code.tex
File: pgfcorepathconstruct.code.tex 2023-01-15 v3.1.10 (3.1.10)
\pgf@path@lastx=\dimen183
\pgf@path@lasty=\dimen184
)
(C:\Users\Gabry\AppData\Local\Programs\MiKTeX\tex/generic/pgf/basiclayer\pgfcor
epathusage.code.tex
File: pgfcorepathusage.code.tex 2023-01-15 v3.1.10 (3.1.10)
\pgf@shorten@end@additional=\dimen185
\pgf@shorten@start@additional=\dimen186
)
(C:\Users\Gabry\AppData\Local\Programs\MiKTeX\tex/generic/pgf/basiclayer\pgfcor
escopes.code.tex
File: pgfcorescopes.code.tex 2023-01-15 v3.1.10 (3.1.10)
\pgfpic=\box56
\pgf@hbox=\box57
\pgf@layerbox@main=\box58
\pgf@picture@serial@count=\count291
)
(C:\Users\Gabry\AppData\Local\Programs\MiKTeX\tex/generic/pgf/basiclayer\pgfcor
egraphicstate.code.tex
File: pgfcoregraphicstate.code.tex 2023-01-15 v3.1.10 (3.1.10)
\pgflinewidth=\dimen187
)
(C:\Users\Gabry\AppData\Local\Programs\MiKTeX\tex/generic/pgf/basiclayer\pgfcor
etransformations.code.tex
File: pgfcoretransformations.code.tex 2023-01-15 v3.1.10 (3.1.10)
\pgf@pt@x=\dimen188
\pgf@pt@y=\dimen189
\pgf@pt@temp=\dimen190
)
(C:\Users\Gabry\AppData\Local\Programs\MiKTeX\tex/generic/pgf/basiclayer\pgfcor
equick.code.tex
File: pgfcorequick.code.tex 2023-01-15 v3.1.10 (3.1.10)
)
(C:\Users\Gabry\AppData\Local\Programs\MiKTeX\tex/generic/pgf/basiclayer\pgfcor
eobjects.code.tex
File: pgfcoreobjects.code.tex 2023-01-15 v3.1.10 (3.1.10)
)
(C:\Users\Gabry\AppData\Local\Programs\MiKTeX\tex/generic/pgf/basiclayer\pgfcor
epathprocessing.code.tex
File: pgfcorepathprocessing.code.tex 2023-01-15 v3.1.10 (3.1.10)
)
(C:\Users\Gabry\AppData\Local\Programs\MiKTeX\tex/generic/pgf/basiclayer\pgfcor
earrows.code.tex
File: pgfcorearrows.code.tex 2023-01-15 v3.1.10 (3.1.10)
\pgfarrowsep=\dimen191
)
(C:\Users\Gabry\AppData\Local\Programs\MiKTeX\tex/generic/pgf/basiclayer\pgfcor
eshade.code.tex
File: pgfcoreshade.code.tex 2023-01-15 v3.1.10 (3.1.10)
\pgf@max=\dimen192
\pgf@sys@shading@range@num=\count292
\pgf@shadingcount=\count293
)
(C:\Users\Gabry\AppData\Local\Programs\MiKTeX\tex/generic/pgf/basiclayer\pgfcor
eimage.code.tex
File: pgfcoreimage.code.tex 2023-01-15 v3.1.10 (3.1.10)
)
(C:\Users\Gabry\AppData\Local\Programs\MiKTeX\tex/generic/pgf/basiclayer\pgfcor
eexternal.code.tex
File: pgfcoreexternal.code.tex 2023-01-15 v3.1.10 (3.1.10)
\pgfexternal@startupbox=\box59
)
(C:\Users\Gabry\AppData\Local\Programs\MiKTeX\tex/generic/pgf/basiclayer\pgfcor
elayers.code.tex
File: pgfcorelayers.code.tex 2023-01-15 v3.1.10 (3.1.10)
)
(C:\Users\Gabry\AppData\Local\Programs\MiKTeX\tex/generic/pgf/basiclayer\pgfcor
etransparency.code.tex
File: pgfcoretransparency.code.tex 2023-01-15 v3.1.10 (3.1.10)
)
(C:\Users\Gabry\AppData\Local\Programs\MiKTeX\tex/generic/pgf/basiclayer\pgfcor
epatterns.code.tex
File: pgfcorepatterns.code.tex 2023-01-15 v3.1.10 (3.1.10)
)
(C:\Users\Gabry\AppData\Local\Programs\MiKTeX\tex/generic/pgf/basiclayer\pgfcor
erdf.code.tex
File: pgfcorerdf.code.tex 2023-01-15 v3.1.10 (3.1.10)
)))
(C:\Users\Gabry\AppData\Local\Programs\MiKTeX\tex/generic/pgf/modules\pgfmodule
shapes.code.tex
File: pgfmoduleshapes.code.tex 2023-01-15 v3.1.10 (3.1.10)
\pgfnodeparttextbox=\box60
)
(C:\Users\Gabry\AppData\Local\Programs\MiKTeX\tex/generic/pgf/modules\pgfmodule
plot.code.tex
File: pgfmoduleplot.code.tex 2023-01-15 v3.1.10 (3.1.10)
)
(C:\Users\Gabry\AppData\Local\Programs\MiKTeX\tex/latex/pgf/compatibility\pgfco
mp-version-0-65.sty
Package: pgfcomp-version-0-65 2023-01-15 v3.1.10 (3.1.10)
\pgf@nodesepstart=\dimen193
\pgf@nodesepend=\dimen194
)
(C:\Users\Gabry\AppData\Local\Programs\MiKTeX\tex/latex/pgf/compatibility\pgfco
mp-version-1-18.sty
Package: pgfcomp-version-1-18 2023-01-15 v3.1.10 (3.1.10)
))
(C:\Users\Gabry\AppData\Local\Programs\MiKTeX\tex/latex/pgf/utilities\pgffor.st
y
(C:\Users\Gabry\AppData\Local\Programs\MiKTeX\tex/latex/pgf/utilities\pgfkeys.s
ty
(C:\Users\Gabry\AppData\Local\Programs\MiKTeX\tex/generic/pgf/utilities\pgfkeys
.code.tex))
(C:\Users\Gabry\AppData\Local\Programs\MiKTeX\tex/latex/pgf/math\pgfmath.sty
(C:\Users\Gabry\AppData\Local\Programs\MiKTeX\tex/generic/pgf/math\pgfmath.code
.tex))
(C:\Users\Gabry\AppData\Local\Programs\MiKTeX\tex/generic/pgf/utilities\pgffor.
code.tex
Package: pgffor 2023-01-15 v3.1.10 (3.1.10)
\pgffor@iter=\dimen195
\pgffor@skip=\dimen196
\pgffor@stack=\toks33
\pgffor@toks=\toks34
))
(C:\Users\Gabry\AppData\Local\Programs\MiKTeX\tex/generic/pgf/frontendlayer/tik
z\tikz.code.tex
Package: tikz 2023-01-15 v3.1.10 (3.1.10)

(C:\Users\Gabry\AppData\Local\Programs\MiKTeX\tex/generic/pgf/libraries\pgflibr
aryplothandlers.code.tex
File: pgflibraryplothandlers.code.tex 2023-01-15 v3.1.10 (3.1.10)
\pgf@plot@mark@count=\count294
\pgfplotmarksize=\dimen197
)
\tikz@lastx=\dimen198
\tikz@lasty=\dimen199
\tikz@lastxsaved=\dimen256
\tikz@lastysaved=\dimen257
\tikz@lastmovetox=\dimen258
\tikz@lastmovetoy=\dimen259
\tikzleveldistance=\dimen260
\tikzsiblingdistance=\dimen261
\tikz@figbox=\box61
\tikz@figbox@bg=\box62
\tikz@tempbox=\box63
\tikz@tempbox@bg=\box64
\tikztreelevel=\count295
\tikznumberofchildren=\count296
\tikznumberofcurrentchild=\count297
\tikz@fig@count=\count298

(C:\Users\Gabry\AppData\Local\Programs\MiKTeX\tex/generic/pgf/modules\pgfmodule
matrix.code.tex
File: pgfmodulematrix.code.tex 2023-01-15 v3.1.10 (3.1.10)
\pgfmatrixcurrentrow=\count299
\pgfmatrixcurrentcolumn=\count300
\pgf@matrix@numberofcolumns=\count301
)
\tikz@expandcount=\count302

(C:\Users\Gabry\AppData\Local\Programs\MiKTeX\tex/generic/pgf/frontendlayer/tik
z/libraries\tikzlibrarytopaths.code.tex
File: tikzlibrarytopaths.code.tex 2023-01-15 v3.1.10 (3.1.10)
)))
(C:\Users\Gabry\AppData\Local\Programs\MiKTeX\tex/latex/tcolorbox\tcolorbox.sty
Package: tcolorbox 2023/09/26 version 6.1.0 text color boxes
(C:\Users\Gabry\AppData\Local\Programs\MiKTeX\tex/latex/tools\verbatim.sty
Package: verbatim 2022-07-02 v1.5u LaTeX2e package for verbatim enhancements
\every@verbatim=\toks35
\verbatim@line=\toks36
\verbatim@in@stream=\read3
)
(C:\Users\Gabry\AppData\Local\Programs\MiKTeX\tex/latex/environ\environ.sty
Package: environ 2014/05/04 v0.3 A new way to define environments

(C:\Users\Gabry\AppData\Local\Programs\MiKTeX\tex/latex/trimspaces\trimspaces.s
ty
Package: trimspaces 2009/09/17 v1.1 Trim spaces around a token list
))
\tcb@titlebox=\box65
\tcb@upperbox=\box66
\tcb@lowerbox=\box67
\tcb@phantombox=\box68
\c@tcbbreakpart=\count303
\c@tcblayer=\count304
\c@tcolorbox@number=\count305
\tcb@temp=\box69
\tcb@temp=\box70
\tcb@temp=\box71
\tcb@temp=\box72
)
(C:\Users\Gabry\AppData\Local\Programs\MiKTeX\tex/latex/marginnote\marginnote.s
ty
Package: marginnote 2018/08/09 1.4b non floating margin notes for LaTeX
\c@mn@abspage=\count306
) (C:\Users\Gabry\AppData\Local\Programs\MiKTeX\tex/latex/svg\svg.sty
Package: svg 2020/11/26 v2.02k (include SVG pictures)

(C:\Users\Gabry\AppData\Local\Programs\MiKTeX\tex/latex/koma-script\scrbase.sty
Package: scrbase 2024/10/24 v3.43 KOMA-Script package (KOMA-Script-independent 
basics and keyval usage)

(C:\Users\Gabry\AppData\Local\Programs\MiKTeX\tex/latex/koma-script\scrlfile.st
y
Package: scrlfile 2024/10/24 v3.43 KOMA-Script package (file load hooks)

(C:\Users\Gabry\AppData\Local\Programs\MiKTeX\tex/latex/koma-script\scrlfile-ho
ok.sty
Package: scrlfile-hook 2024/10/24 v3.43 KOMA-Script package (using LaTeX hooks)


(C:\Users\Gabry\AppData\Local\Programs\MiKTeX\tex/latex/koma-script\scrlogo.sty
Package: scrlogo 2024/10/24 v3.43 KOMA-Script package (logo)
)))
Applying: [2021/05/01] Usage of raw or classic option list on input line 254.
Already applied: [0000/00/00] Usage of raw or classic option list on input line
 370.
) (C:\Users\Gabry\AppData\Local\Programs\MiKTeX\tex/latex/tools\shellesc.sty
Package: shellesc 2023/04/15 v1.0d unified shell escape interface for LaTeX
Package shellesc Info: Unrestricted shell escape enabled on input line 75.
)
(C:\Users\Gabry\AppData\Local\Programs\MiKTeX\tex/latex/ifplatform\ifplatform.s
ty
Package: ifplatform 2017/10/13 v0.4a Testing for the operating system

(C:\Users\Gabry\AppData\Local\Programs\MiKTeX\tex/generic/catchfile\catchfile.s
ty
Package: catchfile 2019/12/09 v1.8 Catch the contents of a file (HO)

(C:\Users\Gabry\AppData\Local\Programs\MiKTeX\tex/generic/etexcmds\etexcmds.sty
Package: etexcmds 2019/12/15 v1.7 Avoid name clashes with e-TeX commands (HO)
)) (C:\Users\Gabry\AppData\Local\Programs\MiKTeX\tex/generic/iftex\ifluatex.sty
Package: ifluatex 2019/10/25 v1.5 ifluatex legacy package. Use iftex instead.
))
\c@svg@param@lastpage=\count307
\svg@box=\box73
\c@svg@param@currpage=\count308
)
(C:\Users\Gabry\AppData\Local\Programs\MiKTeX\tex/latex/transparent\transparent
.sty
Package: transparent 2022-10-27 v1.5 Transparency with color stacks

(C:\Users\Gabry\AppData\Local\Programs\MiKTeX\tex/latex/transparent\transparent
-nometadata.sty
Package: transparent-nometadata 2022-10-27 v1.5 Transparency via pdfTeX's color
 stack (HO)


Package transparent Warning: Loading aborted, because pdfTeX is not running in 
PDF mode.

))
(C:\Users\Gabry\AppData\Local\Programs\MiKTeX\tex/generic/pgf/frontendlayer/tik
z/libraries\tikzlibraryshapes.geometric.code.tex
File: tikzlibraryshapes.geometric.code.tex 2023-01-15 v3.1.10 (3.1.10)

(C:\Users\Gabry\AppData\Local\Programs\MiKTeX\tex/generic/pgf/libraries/shapes\
pgflibraryshapes.geometric.code.tex
File: pgflibraryshapes.geometric.code.tex 2023-01-15 v3.1.10 (3.1.10)
))
(C:\Users\Gabry\AppData\Local\Programs\MiKTeX\tex/generic/pgf/frontendlayer/tik
z/libraries\tikzlibraryarrows.code.tex
File: tikzlibraryarrows.code.tex 2023-01-15 v3.1.10 (3.1.10)

(C:\Users\Gabry\AppData\Local\Programs\MiKTeX\tex/generic/pgf/libraries\pgflibr
aryarrows.code.tex
File: pgflibraryarrows.code.tex 2023-01-15 v3.1.10 (3.1.10)
\arrowsize=\dimen262
))
(C:\Users\Gabry\AppData\Local\Programs\MiKTeX\tex/latex/tcolorbox\tcbraster.cod
e.tex
Library (tcolorbox): 'tcbraster.code.tex' version '6.1.0'
\c@tcbrastercolumn=\count309
\c@tcbrasterrow=\count310
\c@tcbrasternum=\count311
\c@tcbraster=\count312
)
(C:\Users\Gabry\AppData\Local\Programs\MiKTeX\tex/latex/tcolorbox\tcbskins.code
.tex
Library (tcolorbox): 'tcbskins.code.tex' version '6.1.0'

(C:\Users\Gabry\AppData\Local\Programs\MiKTeX\tex/latex/tikzfill\tikzfill.image
.sty
Package: tikzfill.image 2023/08/08 v1.0.1 Image filling library for TikZ

(C:\Users\Gabry\AppData\Local\Programs\MiKTeX\tex/latex/tikzfill\tikzfill-commo
n.sty
Package: tikzfill-common 2023/08/08 v1.0.1 Auxiliary code for tikzfill
)
(C:\Users\Gabry\AppData\Local\Programs\MiKTeX\tex/latex/tikzfill\tikzlibraryfil
l.image.code.tex
File: tikzlibraryfill.image.code.tex 2023/08/08 v1.0.1 Image filling library
\l__tikzfill_img_box=\box74
))
(C:\Users\Gabry\AppData\Local\Programs\MiKTeX\tex/latex/tcolorbox\tcbskinsjigsa
w.code.tex
Library (tcolorbox): 'tcbskinsjigsaw.code.tex' version '6.1.0'
))
(C:\Users\Gabry\AppData\Local\Programs\MiKTeX\tex/latex/tcolorbox\tcbbreakable.
code.tex
Library (tcolorbox): 'tcbbreakable.code.tex' version '6.1.0'
(C:\Users\Gabry\AppData\Local\Programs\MiKTeX\tex/latex/pdfcol\pdfcol.sty
Package: pdfcol 2022-09-21 v1.7 Handle new color stacks for pdfTeX (HO)
Package pdfcol Info: Interface disabled because of missing PDF mode of pdfTeX.
)
Package pdfcol Info: pdfTeX's color stacks are not available.
\tcb@testbox=\box75
\tcb@totalupperbox=\box76
\tcb@totallowerbox=\box77
)
(C:\Users\Gabry\AppData\Local\Programs\MiKTeX\tex/latex/tcolorbox\tcbhooks.code
.tex
Library (tcolorbox): 'tcbhooks.code.tex' version '6.1.0'
)
(C:\Users\Gabry\AppData\Local\Programs\MiKTeX\tex/latex/tcolorbox\tcbtheorems.c
ode.tex
Library (tcolorbox): 'tcbtheorems.code.tex' version '6.1.0'
)
(C:\Users\Gabry\AppData\Local\Programs\MiKTeX\tex/latex/tcolorbox\tcbfitting.co
de.tex
Library (tcolorbox): 'tcbfitting.code.tex' version '6.1.0'
\tcbfitdim=\dimen263
\tcb@lowerfitdim=\dimen264
\tcb@upperfitdim=\dimen265
\tcb@cur@hbadness=\count313
)
(C:\Users\Gabry\AppData\Local\Programs\MiKTeX\tex/latex/tcolorbox\tcblistingsut
f8.code.tex
Library (tcolorbox): 'tcblistingsutf8.code.tex' version '6.1.0'

(C:\Users\Gabry\AppData\Local\Programs\MiKTeX\tex/latex/tcolorbox\tcblistings.c
ode.tex
Library (tcolorbox): 'tcblistings.code.tex' version '6.1.0'
(C:\Users\Gabry\AppData\Local\Programs\MiKTeX\tex/latex/listings\listings.sty
\lst@mode=\count314
\lst@gtempboxa=\box78
\lst@token=\toks37
\lst@length=\count315
\lst@currlwidth=\dimen266
\lst@column=\count316
\lst@pos=\count317
\lst@lostspace=\dimen267
\lst@width=\dimen268
\lst@newlines=\count318
\lst@lineno=\count319
\lst@maxwidth=\dimen269

(C:\Users\Gabry\AppData\Local\Programs\MiKTeX\tex/latex/listings\lstmisc.sty
File: lstmisc.sty 2023/02/27 1.9 (Carsten Heinz)
\c@lstnumber=\count320
\lst@skipnumbers=\count321
\lst@framebox=\box79
)
(C:\Users\Gabry\AppData\Local\Programs\MiKTeX\tex/latex/listings\listings.cfg
File: listings.cfg 2023/02/27 1.9 listings configuration
))
Package: listings 2023/02/27 1.9 (Carsten Heinz)

(C:\Users\Gabry\AppData\Local\Programs\MiKTeX\tex/latex/tcolorbox\tcblistingsco
re.code.tex
Library (tcolorbox): 'tcblistingscore.code.tex' version '6.1.0'

(C:\Users\Gabry\AppData\Local\Programs\MiKTeX\tex/latex/tcolorbox\tcbprocessing
.code.tex
Library (tcolorbox): 'tcbprocessing.code.tex' version '6.1.0'
)
\c@tcblisting=\count322
))
Package tcolorbox Info: Library `listingsutf8' is compatible with pdftex only. 
Library `listings` is loaded instead. on input line 29.
)
(C:\Users\Gabry\AppData\Local\Programs\MiKTeX\tex/latex/tcolorbox\tcbexternal.c
ode.tex
Library (tcolorbox): 'tcbexternal.code.tex' version '6.1.0'
)
(C:\Users\Gabry\AppData\Local\Programs\MiKTeX\tex/latex/tcolorbox\tcbmagazine.c
ode.tex
Library (tcolorbox): 'tcbmagazine.code.tex' version '6.1.0'
)
(C:\Users\Gabry\AppData\Local\Programs\MiKTeX\tex/latex/tcolorbox\tcbvignette.c
ode.tex
Library (tcolorbox): 'tcbvignette.code.tex' version '6.1.0'

(C:\Users\Gabry\AppData\Local\Programs\MiKTeX\tex/generic/pgf/frontendlayer/tik
z/libraries\tikzlibraryfadings.code.tex
File: tikzlibraryfadings.code.tex 2023-01-15 v3.1.10 (3.1.10)

(C:\Users\Gabry\AppData\Local\Programs\MiKTeX\tex/generic/pgf/libraries\pgflibr
aryfadings.code.tex
File: pgflibraryfadings.code.tex 2023-01-15 v3.1.10 (3.1.10)
)))
(C:\Users\Gabry\AppData\Local\Programs\MiKTeX\tex/latex/tcolorbox\tcbposter.cod
e.tex
Library (tcolorbox): 'tcbposter.code.tex' version '6.1.0'
)
(C:\Users\Gabry\AppData\Local\Programs\MiKTeX\tex/latex/l3backend\l3backend-xet
ex.def
File: l3backend-xetex.def 2023-04-19 L3 backend support: XeTeX
\g__graphics_track_int=\count323
\l__pdf_internal_box=\box80
\g__pdf_backend_object_int=\count324
\g__pdf_backend_annotation_int=\count325
\g__pdf_backend_link_int=\count326
) (main.aux)
\openout1 = `main.aux'.

LaTeX Font Info:    Checking defaults for OML/cmm/m/it on input line 44.
LaTeX Font Info:    ... okay on input line 44.
LaTeX Font Info:    Checking defaults for OMS/cmsy/m/n on input line 44.
LaTeX Font Info:    ... okay on input line 44.
LaTeX Font Info:    Checking defaults for OT1/cmr/m/n on input line 44.
LaTeX Font Info:    ... okay on input line 44.
LaTeX Font Info:    Checking defaults for T1/cmr/m/n on input line 44.
LaTeX Font Info:    ... okay on input line 44.
LaTeX Font Info:    Checking defaults for TS1/cmr/m/n on input line 44.
LaTeX Font Info:    Trying to load font information for TS1+cmr on input line 4
4.

(C:\Users\Gabry\AppData\Local\Programs\MiKTeX\tex/latex/base\ts1cmr.fd
File: ts1cmr.fd 2023/04/13 v2.5m Standard LaTeX font definitions
)
LaTeX Font Info:    ... okay on input line 44.
LaTeX Font Info:    Checking defaults for TU/lmr/m/n on input line 44.
LaTeX Font Info:    ... okay on input line 44.
LaTeX Font Info:    Checking defaults for OMX/cmex/m/n on input line 44.
LaTeX Font Info:    ... okay on input line 44.
LaTeX Font Info:    Checking defaults for U/cmr/m/n on input line 44.
LaTeX Font Info:    ... okay on input line 44.
LaTeX Font Info:    Checking defaults for PD1/pdf/m/n on input line 44.
LaTeX Font Info:    ... okay on input line 44.
LaTeX Font Info:    Checking defaults for PU/pdf/m/n on input line 44.
LaTeX Font Info:    ... okay on input line 44.
Package hyperref Info: Link coloring OFF on input line 44.

(main.out) (main.out)
\@outlinefile=\write4
\openout4 = `main.out'.

\c@lstlisting=\count327
 [1

] (main.toc
LaTeX Font Info:    Trying to load font information for U+msa on input line 4.

(C:\Users\Gabry\AppData\Local\Programs\MiKTeX\tex/latex/amsfonts\umsa.fd
File: umsa.fd 2013/01/14 v3.01 AMS symbols A
)
LaTeX Font Info:    Trying to load font information for U+msb on input line 4.

(C:\Users\Gabry\AppData\Local\Programs\MiKTeX\tex/latex/amsfonts\umsb.fd
File: umsb.fd 2013/01/14 v3.01 AMS symbols B
)
[1]
Package marginnote Info: Using workaround for absolute page number on input lin
e 55.
 [2])
\tf@toc=\write5
\openout5 = `main.toc'.

 [3] (lesson1.tex
Package marginnote Info: Margin note 6.1 is on absolute page 6 on input line 2.

Package marginnote Info: right page because not two side mode on input line 2.
Package svg Info: Last page of `./svg-inkscape/book_svg-tex.pdf' is 1 on input 
line 2.
 (svg-inkscape/book_svg-tex.pdf_tex
File: ./svg-inkscape/book_svg-tex.pdf Graphic file (type pdf)
<use ./svg-inkscape/book_svg-tex.pdf, page 1>
)
Package marginnote Info: xpos seems to be 134.26999pt on input line 2.

Overfull \hbox (6.49pt too wide) in paragraph at lines 3--6
 []\TU/lmr/bx/n/10 Definizione.[] \TU/lmr/m/n/10 Dare una definizione generale 
e universale di intelligenza è davvero
 []


Underfull \hbox (badness 4569) in paragraph at lines 13--13
[]\TU/lmr/m/n/10 Un programma che usa de-
 []


Underfull \hbox (badness 10000) in paragraph at lines 14--14
[]\TU/lmr/m/n/10 Un programma che prende
 []


Overfull \hbox (14.86757pt too wide) in paragraph at lines 10--16
 [][] 
 []


Overfull \hbox (10.24336pt too wide) in paragraph at lines 20--21
 []\TU/lmr/bx/n/10 Pensare Razionalmente.[] \TU/lmr/m/n/10 Consiste nel formali
zzare tutta la conoscenza tramite
 []


Overfull \hbox (21.66336pt too wide) in paragraph at lines 21--22
 []\TU/lmr/bx/n/10 Agire Umanamente.[] \TU/lmr/m/n/10 Consiste nell’emulare il 
comportamento umano (sbagliando,
 []

[4]
Overfull \hbox (16.12006pt too wide) in paragraph at lines 43--45
[]\TU/lmr/bx/n/10 interpretazione del linguaggio naturale \TU/lmr/m/n/10 per co
municare con l’esaminatore
 []

) [5] (lesson2.tex
Package marginnote Info: Margin note 8.1 is on absolute page 8 on input line 3.

Package marginnote Info: right page because not two side mode on input line 3.
Package svg Info: Last page of `./svg-inkscape/book_svg-tex.pdf' is 1 on input 
line 3.
 (svg-inkscape/book_svg-tex.pdf_tex
File: ./svg-inkscape/book_svg-tex.pdf Graphic file (type pdf)
<use ./svg-inkscape/book_svg-tex.pdf, page 1>
)
Package marginnote Info: xpos seems to be 134.26999pt on input line 3.

Overfull \hbox (6.03003pt too wide) in paragraph at lines 15--18
\TU/lmr/m/n/10 possibili dal momento che queste intelligenze non avevano alcuna
 conoscenza
 []


Overfull \hbox (15.99725pt too wide) in paragraph at lines 18--21
[]\TU/lmr/bx/n/10 Esplosione combinatoria\TU/lmr/m/n/10 : alcuni problemi veniv
ano risolti dall’IA provando
 []


Overfull \hbox (3.92pt too wide) in paragraph at lines 21--23
\TU/lmr/m/n/10 usato risultava davvero difficile da implementare per far fronte
 all’incertezza
 []

[6] [7]) [8] (lesson3.tex
Package marginnote Info: Margin note 11.1 is on absolute page 11 on input line 
3.
Package marginnote Info: right page because not two side mode on input line 3.
Package svg Info: Last page of `./svg-inkscape/book_svg-tex.pdf' is 1 on input 
line 3.
 (svg-inkscape/book_svg-tex.pdf_tex
File: ./svg-inkscape/book_svg-tex.pdf Graphic file (type pdf)
<use ./svg-inkscape/book_svg-tex.pdf, page 1>
)
Package marginnote Info: xpos seems to be 134.26999pt on input line 3.

Underfull \hbox (badness 10000) in paragraph at lines 18--21

 []


Overfull \hbox (7.5317pt too wide) in paragraph at lines 26--27
[]\TU/lmr/bx/n/10 Propensione/Avversione al rischio\TU/lmr/m/n/10 : un altro pa
rametro riguarda quanto
 []

[9] [10]) [11] (lesson4.tex
Package marginnote Info: Margin note 14.1 is on absolute page 14 on input line 
2.
Package marginnote Info: right page because not two side mode on input line 2.
Package svg Info: Last page of `./svg-inkscape/book_svg-tex.pdf' is 1 on input 
line 2.
 (svg-inkscape/book_svg-tex.pdf_tex
File: ./svg-inkscape/book_svg-tex.pdf Graphic file (type pdf)
<use ./svg-inkscape/book_svg-tex.pdf, page 1>
)
Underfull \hbox (badness 10000) in paragraph at lines 2--2
\TU/lmr/m/n/8 10/10/2024
 []


Underfull \hbox (badness 10000) in paragraph at lines 2--2

 []

Package marginnote Info: xpos seems to be 134.26999pt on input line 2.

Overfull \hbox (19.01337pt too wide) in paragraph at lines 9--10
[]\TU/lmr/bx/n/10 Completamente Osservabile \TU/lmr/m/n/10 per poter conoscere 
lo stato iniziale dell’agente 
 []

[12] [13]
Underfull \hbox (badness 10000) in paragraph at lines 65--67

 []

[14] [15]
Overfull \hbox (0.89838pt too wide) in paragraph at lines 160--163
[]\TU/lmr/bx/n/10 Complessità Temporale/Spaziale\TU/lmr/m/n/10 : anche se abbia
mo introdotto queste
 []

) [16] (lesson5.tex
Package marginnote Info: Margin note 19.1 is on absolute page 19 on input line 
1.
Package marginnote Info: right page because not two side mode on input line 1.
Package svg Info: Last page of `./svg-inkscape/book_svg-tex.pdf' is 1 on input 
line 1.
 (svg-inkscape/book_svg-tex.pdf_tex
File: ./svg-inkscape/book_svg-tex.pdf Graphic file (type pdf)
<use ./svg-inkscape/book_svg-tex.pdf, page 1>
)
Underfull \hbox (badness 10000) in paragraph at lines 1--1
\TU/lmr/m/n/8 14/10/2024
 []


Underfull \hbox (badness 10000) in paragraph at lines 1--1

 []

Package marginnote Info: xpos seems to be 134.26999pt on input line 1.

Underfull \hbox (badness 10000) in paragraph at lines 2--6

 []

[17] [18]) (lesson6.tex
Package marginnote Info: Margin note 21.1 is on absolute page 21 on input line 
2.
Package marginnote Info: right page because not two side mode on input line 2.
Package svg Info: Last page of `./svg-inkscape/book_svg-tex.pdf' is 1 on input 
line 2.
 (svg-inkscape/book_svg-tex.pdf_tex
File: ./svg-inkscape/book_svg-tex.pdf Graphic file (type pdf)
<use ./svg-inkscape/book_svg-tex.pdf, page 1>
)
Underfull \hbox (badness 10000) in paragraph at lines 2--2
\TU/lmr/m/n/8 17/10/2024
 []


Underfull \hbox (badness 10000) in paragraph at lines 2--2

 []

Package marginnote Info: xpos seems to be 134.26999pt on input line 2.

Package hyperref Warning: Token not allowed in a PDF string (Unicode):
(hyperref)                removing `math shift' on input line 33.


Package hyperref Warning: Token not allowed in a PDF string (Unicode):
(hyperref)                removing `math shift' on input line 33.

[19] [20]) (lesson7.tex
Package marginnote Info: Margin note 23.1 is on absolute page 23 on input line 
2.
Package marginnote Info: right page because not two side mode on input line 2.
Package svg Info: Last page of `./svg-inkscape/book_svg-tex.pdf' is 1 on input 
line 2.
 (svg-inkscape/book_svg-tex.pdf_tex
File: ./svg-inkscape/book_svg-tex.pdf Graphic file (type pdf)
<use ./svg-inkscape/book_svg-tex.pdf, page 1>
)
Underfull \hbox (badness 10000) in paragraph at lines 2--2
\TU/lmr/m/n/8 21/10/2024
 []


Underfull \hbox (badness 10000) in paragraph at lines 2--2

 []

Package marginnote Info: xpos seems to be 134.26999pt on input line 2.
[21]
Underfull \hbox (badness 10000) in paragraph at lines 14--15

 []


Overfull \hbox (6.66489pt too wide) in paragraph at lines 27--28
[]$\OML/cmm/m/it/10 f\OT1/cmr/m/n/10 (\OML/cmm/m/it/10 n[]\OT1/cmr/m/n/10 ) \OM
S/cmsy/m/n/10 ^^T []$ \TU/lmr/m/n/10 per definizione, dal momento che l’euristi
ca di costo dev’essere
 []

[22]) [23] (lesson8.tex
Package marginnote Info: Margin note 26.1 is on absolute page 26 on input line 
2.
Package marginnote Info: right page because not two side mode on input line 2.
Package svg Info: Last page of `./svg-inkscape/book_svg-tex.pdf' is 1 on input 
line 2.
 (svg-inkscape/book_svg-tex.pdf_tex
File: ./svg-inkscape/book_svg-tex.pdf Graphic file (type pdf)
<use ./svg-inkscape/book_svg-tex.pdf, page 1>
)
Underfull \hbox (badness 10000) in paragraph at lines 2--2
\TU/lmr/m/n/8 24/10/2024
 []


Underfull \hbox (badness 10000) in paragraph at lines 2--2

 []

Package marginnote Info: xpos seems to be 134.26999pt on input line 2.

Overfull \hbox (0.90001pt too wide) in paragraph at lines 11--12
[]\TU/lmr/m/n/10 Nella strategia da adottare bisogna tenere in considerazione a
nche le strate-
 []

[24] [25] [26]

Package hyperref Warning: Token not allowed in a PDF string (Unicode):
(hyperref)                removing `math shift' on input line 116.


Package hyperref Warning: Token not allowed in a PDF string (Unicode):
(hyperref)                removing `math shift' on input line 116.

) (lesson9.tex

Package hyperref Warning: Token not allowed in a PDF string (Unicode):
(hyperref)                removing `math shift' on input line 2.


Package hyperref Warning: Token not allowed in a PDF string (Unicode):
(hyperref)                removing `\alpha' on input line 2.


Package hyperref Warning: Token not allowed in a PDF string (Unicode):
(hyperref)                removing `\beta' on input line 2.


Package hyperref Warning: Token not allowed in a PDF string (Unicode):
(hyperref)                removing `math shift' on input line 2.

Package marginnote Info: Margin note 29.1 is on absolute page 29 on input line 
3.
Package marginnote Info: right page because not two side mode on input line 3.
Package svg Info: Last page of `./svg-inkscape/book_svg-tex.pdf' is 1 on input 
line 3.
(svg-inkscape/book_svg-tex.pdf_tex
File: ./svg-inkscape/book_svg-tex.pdf Graphic file (type pdf)
<use ./svg-inkscape/book_svg-tex.pdf, page 1>
)
Underfull \hbox (badness 10000) in paragraph at lines 3--3
\TU/lmr/m/n/8 28/10/2024
 []


Underfull \hbox (badness 10000) in paragraph at lines 3--3

 []

Package marginnote Info: xpos seems to be 134.26999pt on input line 3.
[27] [28] [29] [30] [31]) (lesson10.tex
Package marginnote Info: Margin note 34.1 is on absolute page 34 on input line 
2.
Package marginnote Info: right page because not two side mode on input line 2.
Package svg Info: Last page of `./svg-inkscape/book_svg-tex.pdf' is 1 on input 
line 2.
 (svg-inkscape/book_svg-tex.pdf_tex
File: ./svg-inkscape/book_svg-tex.pdf Graphic file (type pdf)
<use ./svg-inkscape/book_svg-tex.pdf, page 1>
)
Underfull \hbox (badness 10000) in paragraph at lines 2--2
\TU/lmr/m/n/8 31/10/2024
 []


Underfull \hbox (badness 10000) in paragraph at lines 2--2

 []

Package marginnote Info: xpos seems to be 134.26999pt on input line 2.

Underfull \hbox (badness 10000) in paragraph at lines 28--30

 []

[32] [33] [34] [35]) (lesson11.tex
Package marginnote Info: Margin note 38.1 is on absolute page 38 on input line 
3.
Package marginnote Info: right page because not two side mode on input line 3.
Package svg Info: Last page of `./svg-inkscape/book_svg-tex.pdf' is 1 on input 
line 3.
 (svg-inkscape/book_svg-tex.pdf_tex
File: ./svg-inkscape/book_svg-tex.pdf Graphic file (type pdf)
<use ./svg-inkscape/book_svg-tex.pdf, page 1>
)
Package marginnote Info: xpos seems to be 134.26999pt on input line 3.

Overfull \hbox (57.13158pt too wide) in paragraph at lines 36--37
[][] 
 []


Underfull \hbox (badness 10000) in paragraph at lines 39--42

 []

[36] [37] [38]) (lesson12.tex
Overfull \hbox (0.3474pt too wide) in paragraph at lines 131--1
[][]
 []


Underfull \hbox (badness 10000) in paragraph at lines 131--1

 []

Package marginnote Info: Margin note 41.1 is on absolute page 41 on input line 
2.
Package marginnote Info: right page because not two side mode on input line 2.
Package svg Info: Last page of `./svg-inkscape/book_svg-tex.pdf' is 1 on input 
line 2.
(svg-inkscape/book_svg-tex.pdf_tex
File: ./svg-inkscape/book_svg-tex.pdf Graphic file (type pdf)
<use ./svg-inkscape/book_svg-tex.pdf, page 1>
)
Package marginnote Info: xpos seems to be 134.26999pt on input line 2.

Overfull \hbox (12.38pt too wide) in paragraph at lines 3--6
\TU/lmr/m/n/10 Tutti i problemi finora affrontati ricadevano sempre entro la fa
miglia dell\TU/lmr/bx/n/10 inferenza\TU/lmr/m/n/10 .
 []

[39] [40]) (lesson13.tex
Package marginnote Info: Margin note 43.1 is on absolute page 43 on input line 
2.
Package marginnote Info: right page because not two side mode on input line 2.
Package svg Info: Last page of `./svg-inkscape/book_svg-tex.pdf' is 1 on input 
line 2.
 (svg-inkscape/book_svg-tex.pdf_tex
File: ./svg-inkscape/book_svg-tex.pdf Graphic file (type pdf)
<use ./svg-inkscape/book_svg-tex.pdf, page 1>
)
Underfull \hbox (badness 10000) in paragraph at lines 2--2
\TU/lmr/m/n/8 11/11/2024
 []


Underfull \hbox (badness 10000) in paragraph at lines 2--2

 []

Package marginnote Info: xpos seems to be 134.26999pt on input line 2.
[41]
Overfull \hbox (14.62401pt too wide) in paragraph at lines 23--27
\TU/lmr/m/n/10 Paradossalmente, considerare problemi in cui l’orizzonte è finit
o, rende la risoluzione
 []

[42]) (lesson14.tex
Package marginnote Info: Margin note 45.1 is on absolute page 46 on input line 
2.
Package marginnote Info: right page because not two side mode on input line 2.
Package svg Info: Last page of `./svg-inkscape/book_svg-tex.pdf' is 1 on input 
line 2.
 (svg-inkscape/book_svg-tex.pdf_tex
File: ./svg-inkscape/book_svg-tex.pdf Graphic file (type pdf)
<use ./svg-inkscape/book_svg-tex.pdf, page 1>
)
Underfull \hbox (badness 10000) in paragraph at lines 2--2
\TU/lmr/m/n/8 14/11/2024
 []


Underfull \hbox (badness 10000) in paragraph at lines 2--2

 []

Package marginnote Info: xpos seems to be 134.26999pt on input line 2.
[43]
Underfull \hbox (badness 10000) in paragraph at lines 9--12

 []

[44] [45]) (lesson15.tex
Package marginnote Info: Margin note 48.1 is on absolute page 48 on input line 
2.
Package marginnote Info: right page because not two side mode on input line 2.
Package svg Info: Last page of `./svg-inkscape/book_svg-tex.pdf' is 1 on input 
line 2.
 (svg-inkscape/book_svg-tex.pdf_tex
File: ./svg-inkscape/book_svg-tex.pdf Graphic file (type pdf)
<use ./svg-inkscape/book_svg-tex.pdf, page 1>
)
Underfull \hbox (badness 10000) in paragraph at lines 2--2
\TU/lmr/m/n/8 18/11/2024
 []


Underfull \hbox (badness 10000) in paragraph at lines 2--2

 []

Package marginnote Info: xpos seems to be 134.26999pt on input line 2.
[46] [47]) (lesson16.tex
Package marginnote Info: Margin note 50.1 is on absolute page 50 on input line 
2.
Package marginnote Info: right page because not two side mode on input line 2.
Package svg Info: Last page of `./svg-inkscape/book_svg-tex.pdf' is 1 on input 
line 2.
 (svg-inkscape/book_svg-tex.pdf_tex
File: ./svg-inkscape/book_svg-tex.pdf Graphic file (type pdf)
<use ./svg-inkscape/book_svg-tex.pdf, page 1>
)
Underfull \hbox (badness 10000) in paragraph at lines 2--2
\TU/lmr/m/n/8 21/11/2024
 []


Underfull \hbox (badness 10000) in paragraph at lines 2--2

 []

Package marginnote Info: xpos seems to be 134.26999pt on input line 2.

Overfull \hbox (19.022pt too wide) in paragraph at lines 3--9
\TU/lmr/m/n/10 Questa tecnica \TU/lmr/bx/n/10 model-free \TU/lmr/m/n/10 corregg
e i difetti della stima diretta, ossia dell’assunzione
 []


Overfull \hbox (14.39003pt too wide) in paragraph at lines 3--9
\TU/lmr/m/n/10 di indipendenza tra le transizioni (che era ciò che rendeva non 
affidabile l’approccio).
 []


Overfull \hbox (9.68233pt too wide) in paragraph at lines 24--25
\TU/lmr/m/n/10 Possiamo riscrivere l’update nella seguente maniera, sostituendo
 $\OML/cmm/m/it/10 z$ \TU/lmr/m/n/10 con l’espressione
 []

[48]) (lesson17.tex
Package marginnote Info: Margin note 51.1 is on absolute page 51 on input line 
2.
Package marginnote Info: right page because not two side mode on input line 2.
Package svg Info: Last page of `./svg-inkscape/book_svg-tex.pdf' is 1 on input 
line 2.
 (svg-inkscape/book_svg-tex.pdf_tex
File: ./svg-inkscape/book_svg-tex.pdf Graphic file (type pdf)
<use ./svg-inkscape/book_svg-tex.pdf, page 1>
)
Underfull \hbox (badness 10000) in paragraph at lines 2--2
\TU/lmr/m/n/8 25/11/2024
 []


Underfull \hbox (badness 10000) in paragraph at lines 2--2

 []

Package marginnote Info: xpos seems to be 134.26999pt on input line 2.
[49]
Overfull \hbox (14.40201pt too wide) in paragraph at lines 22--26
\TU/lmr/m/n/10 modello del mondo esplorato al passo precedente, esploro il mond
o. Con l’esperienza
 []

[50] [51]
Overfull \hbox (22.74203pt too wide) in paragraph at lines 96--100
\TU/lmr/m/n/10 essendo un algoritmo \TU/lmr/bx/n/10 On-Policy\TU/lmr/m/n/10 , c
erca sempre l’ottimo al momento dell’esplorazione,
 []

[52] [53]) (lesson18.tex) (lesson19.tex
Package marginnote Info: Margin note 56.1 is on absolute page 56 on input line 
3.
Package marginnote Info: right page because not two side mode on input line 3.
Package svg Info: Last page of `./svg-inkscape/book_svg-tex.pdf' is 1 on input 
line 3.
 (svg-inkscape/book_svg-tex.pdf_tex
File: ./svg-inkscape/book_svg-tex.pdf Graphic file (type pdf)
<use ./svg-inkscape/book_svg-tex.pdf, page 1>
)
Package marginnote Info: xpos seems to be 134.26999pt on input line 3.

[54] [55]) (lesson20.tex
Package marginnote Info: Margin note 58.1 is on absolute page 58 on input line 
2.
Package marginnote Info: right page because not two side mode on input line 2.
Package svg Info: Last page of `./svg-inkscape/book_svg-tex.pdf' is 1 on input 
line 2.
 (svg-inkscape/book_svg-tex.pdf_tex
File: ./svg-inkscape/book_svg-tex.pdf Graphic file (type pdf)
<use ./svg-inkscape/book_svg-tex.pdf, page 1>
)
Underfull \hbox (badness 10000) in paragraph at lines 2--2
\TU/lmr/m/n/8 12/12/2024
 []


Underfull \hbox (badness 10000) in paragraph at lines 2--2

 []

Package marginnote Info: xpos seems to be 134.26999pt on input line 2.
[56]) (lesson21.tex
Package marginnote Info: Margin note 59.1 is on absolute page 59 on input line 
2.
Package marginnote Info: right page because not two side mode on input line 2.
Package svg Info: Last page of `./svg-inkscape/book_svg-tex.pdf' is 1 on input 
line 2.
 (svg-inkscape/book_svg-tex.pdf_tex
File: ./svg-inkscape/book_svg-tex.pdf Graphic file (type pdf)
<use ./svg-inkscape/book_svg-tex.pdf, page 1>
)
Underfull \hbox (badness 10000) in paragraph at lines 2--2
\TU/lmr/m/n/8 16/12/2024
 []


Underfull \hbox (badness 10000) in paragraph at lines 2--2

 []

Package marginnote Info: xpos seems to be 134.26999pt on input line 2.
[57] [58]
Overfull \hbox (29.64403pt too wide) in paragraph at lines 52--56
\TU/lmr/m/n/10 Per implementare quest’algoritmo, però, è necessario poter quant
ificare la \TU/lmr/bx/n/10 somiglianza
 []

) [59] (main.aux)
 ***********
LaTeX2e <2023-06-01> patch level 1
L3 programming layer <2023-08-29>
 ***********
Package rerunfilecheck Info: File `main.out' has not changed.
(rerunfilecheck)             Checksum: 88B845ACEA61DFA83FA24D51CA9A3080;18062.
 ) 
Here is how much of TeX's memory you used:
 28883 strings out of 410379
 585807 string characters out of 5788050
 1928416 words of memory out of 5000000
 49666 multiletter control sequences out of 15000+600000
 563356 words of font info for 73 fonts, out of 8000000 for 9000
 1348 hyphenation exceptions out of 8191
 102i,15n,107p,418b,883s stack positions out of 10000i,1000n,20000p,200000b,200000s

Output written on main.pdf (60 pages).
